{
  "stats": {
    "suites": 1,
    "tests": 28,
    "passes": 28,
    "pending": 0,
    "failures": 0,
    "start": "2019-06-25T23:58:36.102Z",
    "end": "2019-06-25T23:58:36.112Z",
    "duration": 10,
    "testsRegistered": 28,
    "passPercent": 100,
    "pendingPercent": 0,
    "other": 0,
    "hasOther": false,
    "skipped": 0,
    "hasSkipped": false
  },
  "results": [
    {
      "uuid": "ac216f0a-1a28-4e39-bf8b-916927377dc0",
      "title": "",
      "fullFile": "",
      "file": "",
      "beforeHooks": [
        {
          "title": "\"before each\" hook",
          "fullTitle": "\"before each\" hook",
          "timedOut": false,
          "duration": 0,
          "state": null,
          "speed": null,
          "pass": false,
          "fail": false,
          "pending": false,
          "context": null,
          "code": "game = new Ahorcado();\ngame.start();\ngame.forceSetPalabra(\"importancia\");",
          "err": {},
          "uuid": "ed07d5e2-c505-4820-8003-4c7af5199a05",
          "parentUUID": "ac216f0a-1a28-4e39-bf8b-916927377dc0",
          "isHook": true,
          "skipped": false
        }
      ],
      "afterHooks": [],
      "tests": [],
      "suites": [
        {
          "uuid": "528ef946-e5f7-4bad-ad09-d915183cba50",
          "title": "Ahorcado",
          "fullFile": "/home/marani/Documents/Developer/Nodejs/TDD/Ahorcado/test/unit/ahorcado.spec.js",
          "file": "/test/unit/ahorcado.spec.js",
          "beforeHooks": [],
          "afterHooks": [],
          "tests": [
            {
              "title": "Ahorcado is running",
              "fullTitle": "Ahorcado Ahorcado is running",
              "timedOut": false,
              "duration": 1,
              "state": "passed",
              "speed": "fast",
              "pass": true,
              "fail": false,
              "pending": false,
              "context": null,
              "code": "assert(typeof game === \"object\");",
              "err": {},
              "uuid": "5693ea70-aa0f-4d6d-b355-93c94eb357f4",
              "parentUUID": "528ef946-e5f7-4bad-ad09-d915183cba50",
              "isHook": false,
              "skipped": false
            },
            {
              "title": "Tener un metodo start",
              "fullTitle": "Ahorcado Tener un metodo start",
              "timedOut": false,
              "duration": 0,
              "state": "passed",
              "speed": "fast",
              "pass": true,
              "fail": false,
              "pending": false,
              "context": null,
              "code": "assert(typeof game.start === \"function\");",
              "err": {},
              "uuid": "b3cc08d1-3a98-4a8c-9406-904434110d18",
              "parentUUID": "528ef946-e5f7-4bad-ad09-d915183cba50",
              "isHook": false,
              "skipped": false
            },
            {
              "title": "Tiene que tener una palabra 'importancia'",
              "fullTitle": "Ahorcado Tiene que tener una palabra 'importancia'",
              "timedOut": false,
              "duration": 0,
              "state": "passed",
              "speed": "fast",
              "pass": true,
              "fail": false,
              "pending": false,
              "context": null,
              "code": "assert(game.palabra === \"importancia\");",
              "err": {},
              "uuid": "3c12c141-9b87-4f91-9bea-8b2b878c9f1b",
              "parentUUID": "528ef946-e5f7-4bad-ad09-d915183cba50",
              "isHook": false,
              "skipped": false
            },
            {
              "title": "Solo mostrar mientas se juega no indicar estado",
              "fullTitle": "Ahorcado Solo mostrar mientas se juega no indicar estado",
              "timedOut": false,
              "duration": 0,
              "state": "passed",
              "speed": "fast",
              "pass": true,
              "fail": false,
              "pending": false,
              "context": null,
              "code": "const result = game.getScore();\nexpect(result.text).to.equal(\"\");\nexpect(result.text).to.not.equal(\"ganaste\");\nexpect(result.text).to.not.equal(\"perdiste\");",
              "err": {},
              "uuid": "7fe41468-9988-4f20-bf6c-1e548ec2968e",
              "parentUUID": "528ef946-e5f7-4bad-ad09-d915183cba50",
              "isHook": false,
              "skipped": false
            },
            {
              "title": "Ingresar letra correcta",
              "fullTitle": "Ahorcado Ingresar letra correcta",
              "timedOut": false,
              "duration": 0,
              "state": "passed",
              "speed": "fast",
              "pass": true,
              "fail": false,
              "pending": false,
              "context": null,
              "code": "const result = game.check(\"i\");\nassert(result === true);",
              "err": {},
              "uuid": "ceeffdd8-cc9f-4832-9c96-2c3022a30831",
              "parentUUID": "528ef946-e5f7-4bad-ad09-d915183cba50",
              "isHook": false,
              "skipped": false
            },
            {
              "title": "Ingresar letra incorrecta",
              "fullTitle": "Ahorcado Ingresar letra incorrecta",
              "timedOut": false,
              "duration": 0,
              "state": "passed",
              "speed": "fast",
              "pass": true,
              "fail": false,
              "pending": false,
              "context": null,
              "code": "const result = game.check(\"w\");\nassert(result === false);",
              "err": {},
              "uuid": "b3b15ccd-aac7-48df-8578-d60e927d2552",
              "parentUUID": "528ef946-e5f7-4bad-ad09-d915183cba50",
              "isHook": false,
              "skipped": false
            },
            {
              "title": "Adivinar palabra",
              "fullTitle": "Ahorcado Adivinar palabra",
              "timedOut": false,
              "duration": 0,
              "state": "passed",
              "speed": "fast",
              "pass": true,
              "fail": false,
              "pending": false,
              "context": null,
              "code": "checkLetters(\"importancia\");\nconst result = game.getScore();\nassert(result.text === \"ganaste\");",
              "err": {},
              "uuid": "7d7f49e9-45d1-48ee-9583-c04fb2e4109a",
              "parentUUID": "528ef946-e5f7-4bad-ad09-d915183cba50",
              "isHook": false,
              "skipped": false
            },
            {
              "title": "Se equivoca en todos los intentos",
              "fullTitle": "Ahorcado Se equivoca en todos los intentos",
              "timedOut": false,
              "duration": 0,
              "state": "passed",
              "speed": "fast",
              "pass": true,
              "fail": false,
              "pending": false,
              "context": null,
              "code": "checkLetters(\"qwrysdfgbhj\");\nconst result = game.getScore();\nexpect(result.text).to.equal(\"perdiste\");",
              "err": {},
              "uuid": "cfa54da4-3976-4d3b-8f1e-f419cbb53049",
              "parentUUID": "528ef946-e5f7-4bad-ad09-d915183cba50",
              "isHook": false,
              "skipped": false
            },
            {
              "title": "Solo 7 intentos",
              "fullTitle": "Ahorcado Solo 7 intentos",
              "timedOut": false,
              "duration": 0,
              "state": "passed",
              "speed": "fast",
              "pass": true,
              "fail": false,
              "pending": false,
              "context": null,
              "code": "checkLetters(\"qwrysdfgbhjklzximportancia\");\nconst result = game.getScore();\nassert(result.text === \"perdiste\");",
              "err": {},
              "uuid": "45d9b919-66a6-4efd-9499-dc3bdbc29969",
              "parentUUID": "528ef946-e5f7-4bad-ad09-d915183cba50",
              "isHook": false,
              "skipped": false
            },
            {
              "title": "Solo 1 intentos restante",
              "fullTitle": "Ahorcado Solo 1 intentos restante",
              "timedOut": false,
              "duration": 0,
              "state": "passed",
              "speed": "fast",
              "pass": true,
              "fail": false,
              "pending": false,
              "context": null,
              "code": "checkLetters(\"qwrysdimportancia\");\nconst result = game.getScore();\nassert(result.text === \"ganaste\");",
              "err": {},
              "uuid": "4c4be8dd-b204-4a86-8177-84a194d3b3e2",
              "parentUUID": "528ef946-e5f7-4bad-ad09-d915183cba50",
              "isHook": false,
              "skipped": false
            },
            {
              "title": "Mostar letras ingresadas y en sus posición",
              "fullTitle": "Ahorcado Mostar letras ingresadas y en sus posición",
              "timedOut": false,
              "duration": 0,
              "state": "passed",
              "speed": "fast",
              "pass": true,
              "fail": false,
              "pending": false,
              "context": null,
              "code": "game.check(\"i\");\ngame.check(\"a\");\nconst result = game.showGameStatus();\nassert(result === \"i_____a__ia\");",
              "err": {},
              "uuid": "08630f6b-cf27-45c7-98af-a6587e478ab9",
              "parentUUID": "528ef946-e5f7-4bad-ad09-d915183cba50",
              "isHook": false,
              "skipped": false
            },
            {
              "title": "Guardar nombre del jugador",
              "fullTitle": "Ahorcado Guardar nombre del jugador",
              "timedOut": false,
              "duration": 0,
              "state": "passed",
              "speed": "fast",
              "pass": true,
              "fail": false,
              "pending": false,
              "context": null,
              "code": "const nombre = \"matias\";\ngame.config({ jugador: nombre });\nassert(game.jugador === nombre);",
              "err": {},
              "uuid": "f38a0f1b-f6a2-448f-9f4e-c065da41da13",
              "parentUUID": "528ef946-e5f7-4bad-ad09-d915183cba50",
              "isHook": false,
              "skipped": false
            },
            {
              "title": "Antes de jugarr el puntage es NULL",
              "fullTitle": "Ahorcado Antes de jugarr el puntage es NULL",
              "timedOut": false,
              "duration": 0,
              "state": "passed",
              "speed": "fast",
              "pass": true,
              "fail": false,
              "pending": false,
              "context": null,
              "code": "const game = new Ahorcado();\nconst result = game.getScore();\nassert(result.text === null);\nassert(result.score === null);",
              "err": {},
              "uuid": "d5406895-a2af-4982-87f0-f937e5c1c9f1",
              "parentUUID": "528ef946-e5f7-4bad-ad09-d915183cba50",
              "isHook": false,
              "skipped": false
            },
            {
              "title": "Calcular puntos, sin errores",
              "fullTitle": "Ahorcado Calcular puntos, sin errores",
              "timedOut": false,
              "duration": 0,
              "state": "passed",
              "speed": "fast",
              "pass": true,
              "fail": false,
              "pending": false,
              "context": null,
              "code": "const palabra = game.palabra;\npalabra.split(\"\").forEach(letter => {\n  game.check(letter);\n});\nconst result = game.getScore();\nassert(result.text === \"ganaste\");\nexpect(result.score).equal(9);",
              "err": {},
              "uuid": "507d8276-e48e-475c-a911-0e1815fc9f80",
              "parentUUID": "528ef946-e5f7-4bad-ad09-d915183cba50",
              "isHook": false,
              "skipped": false
            },
            {
              "title": "Calcular puntos, sin errores para OSO",
              "fullTitle": "Ahorcado Calcular puntos, sin errores para OSO",
              "timedOut": false,
              "duration": 0,
              "state": "passed",
              "speed": "fast",
              "pass": true,
              "fail": false,
              "pending": false,
              "context": null,
              "code": "game.forceSetPalabra(\"oso\");\nconst palabra = game.palabra;\nexpect(game.palabra).equal(\"oso\");\ncheckLetters(palabra);\nconst result = game.getScore();\nassert(result.text === \"ganaste\");\nexpect(result.score).equal(2);",
              "err": {},
              "uuid": "99c0d7c8-ed50-4b33-baa5-e0d0ad1b29fe",
              "parentUUID": "528ef946-e5f7-4bad-ad09-d915183cba50",
              "isHook": false,
              "skipped": false
            },
            {
              "title": "Calcular puntos, sin errores para DOS",
              "fullTitle": "Ahorcado Calcular puntos, sin errores para DOS",
              "timedOut": false,
              "duration": 0,
              "state": "passed",
              "speed": "fast",
              "pass": true,
              "fail": false,
              "pending": false,
              "context": null,
              "code": "game.forceSetPalabra(\"dos\");\nconst palabra = game.palabra;\nexpect(game.palabra).equal(\"dos\");\ncheckLetters(palabra);\nconst result = game.getScore();\nassert(result.text === \"ganaste\");\nexpect(result.score).equal(3);",
              "err": {},
              "uuid": "568253fe-9e93-4777-b611-e49b53e995c9",
              "parentUUID": "528ef946-e5f7-4bad-ad09-d915183cba50",
              "isHook": false,
              "skipped": false
            },
            {
              "title": "Calcular puntos, con dos errores",
              "fullTitle": "Ahorcado Calcular puntos, con dos errores",
              "timedOut": false,
              "duration": 0,
              "state": "passed",
              "speed": "fast",
              "pass": true,
              "fail": false,
              "pending": false,
              "context": null,
              "code": "const palabra = game.palabra;\ngame.check(\"9\");\ngame.check(\"3\");\ncheckLetters(palabra);\nconst result = game.getScore();\nassert(result.text === \"ganaste\");\nexpect(result.score).equal(7);",
              "err": {},
              "uuid": "0706fb89-7314-4564-a1b9-f1d25bc1189a",
              "parentUUID": "528ef946-e5f7-4bad-ad09-d915183cba50",
              "isHook": false,
              "skipped": false
            },
            {
              "title": "Se equivoca en todos los intentos, puntaje -7",
              "fullTitle": "Ahorcado Se equivoca en todos los intentos, puntaje -7",
              "timedOut": false,
              "duration": 0,
              "state": "passed",
              "speed": "fast",
              "pass": true,
              "fail": false,
              "pending": false,
              "context": null,
              "code": "checkLetters(\"qwrysdfgbhj\");\nconst result = game.getScore();\nassert(result.text === \"perdiste\");\nexpect(result.score).equal(-7);",
              "err": {},
              "uuid": "ae45fc76-b5da-4b69-8c47-558456466d2f",
              "parentUUID": "528ef946-e5f7-4bad-ad09-d915183cba50",
              "isHook": false,
              "skipped": false
            },
            {
              "title": "Exite un diccionario",
              "fullTitle": "Ahorcado Exite un diccionario",
              "timedOut": false,
              "duration": 0,
              "state": "passed",
              "speed": "fast",
              "pass": true,
              "fail": false,
              "pending": false,
              "context": null,
              "code": "const dictionary = game.dictionary;\nassert(typeof dictionary !== \"undefined\");",
              "err": {},
              "uuid": "0def25b4-0e59-4e17-a3fe-dcb4a65ad5e5",
              "parentUUID": "528ef946-e5f7-4bad-ad09-d915183cba50",
              "isHook": false,
              "skipped": false
            },
            {
              "title": "Elegir un  palabra del diccionario",
              "fullTitle": "Ahorcado Elegir un  palabra del diccionario",
              "timedOut": false,
              "duration": 1,
              "state": "passed",
              "speed": "fast",
              "pass": true,
              "fail": false,
              "pending": false,
              "context": null,
              "code": "const game = new Ahorcado();\nconst language = \"español\";\nconst difficulty = \"easy\";\nconst dictionary = game.dictionary[language][difficulty];\ngame.config({ language, difficulty });\ngame.start();\nconst palabraEnJuego = game.palabra;\nassert(dictionary.indexOf(palabraEnJuego) > -1);",
              "err": {},
              "uuid": "9e0181fa-bfd8-471d-9862-77c2b52441a7",
              "parentUUID": "528ef946-e5f7-4bad-ad09-d915183cba50",
              "isHook": false,
              "skipped": false
            },
            {
              "title": "Diccionario en Español",
              "fullTitle": "Ahorcado Diccionario en Español",
              "timedOut": false,
              "duration": 0,
              "state": "passed",
              "speed": "fast",
              "pass": true,
              "fail": false,
              "pending": false,
              "context": null,
              "code": "const dictionary = game.dictionary;\nassert(dictionary[\"español\"]);",
              "err": {},
              "uuid": "8a6e9802-3516-49ae-85a9-36c58eea4203",
              "parentUUID": "528ef946-e5f7-4bad-ad09-d915183cba50",
              "isHook": false,
              "skipped": false
            },
            {
              "title": "Diccionario en Ingles",
              "fullTitle": "Ahorcado Diccionario en Ingles",
              "timedOut": false,
              "duration": 0,
              "state": "passed",
              "speed": "fast",
              "pass": true,
              "fail": false,
              "pending": false,
              "context": null,
              "code": "const dictionary = game.dictionary;\nassert(dictionary[\"ingles\"]);",
              "err": {},
              "uuid": "b24dd03c-aa56-43f1-8393-4b519d9edcdc",
              "parentUUID": "528ef946-e5f7-4bad-ad09-d915183cba50",
              "isHook": false,
              "skipped": false
            },
            {
              "title": "Diccionario en Aleman",
              "fullTitle": "Ahorcado Diccionario en Aleman",
              "timedOut": false,
              "duration": 0,
              "state": "passed",
              "speed": "fast",
              "pass": true,
              "fail": false,
              "pending": false,
              "context": null,
              "code": "const dictionary = game.dictionary;\nassert(dictionary[\"aleman\"]);",
              "err": {},
              "uuid": "c0e0ef22-3e69-4d77-bde5-0d8d03bc8b16",
              "parentUUID": "528ef946-e5f7-4bad-ad09-d915183cba50",
              "isHook": false,
              "skipped": false
            },
            {
              "title": "No repetir palabras para una configuracion dada",
              "fullTitle": "Ahorcado No repetir palabras para una configuracion dada",
              "timedOut": false,
              "duration": 0,
              "state": "passed",
              "speed": "fast",
              "pass": true,
              "fail": false,
              "pending": false,
              "context": null,
              "code": "const g = new Ahorcado();\nconst language = \"español\";\nconst difficulty = \"easy\";\ng.config({ language, difficulty });\nconst dictionary = g.dictionary[language][difficulty];\nassert(dictionary.length === 4);\ng.start();\nconst palabraEnJuego1 = g.palabra;\ng.start();\nconst palabraEnJuego2 = g.palabra;\ng.start();\nconst palabraEnJuego3 = g.palabra;\ng.start();\nconst palabraEnJuego4 = g.palabra;\nexpect(palabraEnJuego1)\n  .is.not.equal(palabraEnJuego2)\n  .is.not.equal(palabraEnJuego3)\n  .is.not.equal(palabraEnJuego4);",
              "err": {},
              "uuid": "533b380c-dd3c-44e1-b09b-41b56d22ed41",
              "parentUUID": "528ef946-e5f7-4bad-ad09-d915183cba50",
              "isHook": false,
              "skipped": false
            },
            {
              "title": "Repetir palabra despues de recorre todo el diccionario",
              "fullTitle": "Ahorcado Repetir palabra despues de recorre todo el diccionario",
              "timedOut": false,
              "duration": 0,
              "state": "passed",
              "speed": "fast",
              "pass": true,
              "fail": false,
              "pending": false,
              "context": null,
              "code": "game.start();\nconst palabraEnJuego1 = game.palabra;\ngame.start();\nconst palabraEnJuego2 = game.palabra;\ngame.start();\nconst palabraEnJuego3 = game.palabra;\ngame.start();\nconst palabraEnJuego4 = game.palabra;\ngame.start();\nconst palabraEnJuegoRepetida = game.palabra;\nassert(\n  palabraEnJuegoRepetida === palabraEnJuego1 ||\n    palabraEnJuegoRepetida === palabraEnJuego2 ||\n    palabraEnJuegoRepetida === palabraEnJuego3 ||\n    palabraEnJuegoRepetida === palabraEnJuego4\n);",
              "err": {},
              "uuid": "b27319fb-bb37-4628-afc7-f87883e14bdf",
              "parentUUID": "528ef946-e5f7-4bad-ad09-d915183cba50",
              "isHook": false,
              "skipped": false
            },
            {
              "title": "Nivel de dificulta por diccionario, fácil, medio, difícil",
              "fullTitle": "Ahorcado Nivel de dificulta por diccionario, fácil, medio, difícil",
              "timedOut": false,
              "duration": 1,
              "state": "passed",
              "speed": "fast",
              "pass": true,
              "fail": false,
              "pending": false,
              "context": null,
              "code": "const dictionaryObject = game.dictionary;\nObject.values(dictionaryObject).forEach(dictionary => {\n  expect(dictionary).to.have.property(\"easy\");\n  expect(dictionary).to.have.property(\"medium\");\n  expect(dictionary).to.have.property(\"hard\");\n});",
              "err": {},
              "uuid": "43c23029-3fc1-4697-b82c-ba11efa6700f",
              "parentUUID": "528ef946-e5f7-4bad-ad09-d915183cba50",
              "isHook": false,
              "skipped": false
            },
            {
              "title": "Generar link para compartir puntos por WhatsApp",
              "fullTitle": "Ahorcado Generar link para compartir puntos por WhatsApp",
              "timedOut": false,
              "duration": 0,
              "state": "passed",
              "speed": "fast",
              "pass": true,
              "fail": false,
              "pending": false,
              "context": null,
              "code": "const link = \"https://wa.me/?text=¿Podes superarme?Mi puntaje es 7\";\nconst palabra = game.palabra;\ngame.check(\"9\");\ngame.check(\"3\");\ncheckLetters(palabra);\nconst { score } = game.getScore();\nexpect(score).equal(7);\nconst result = game.getLink();\nexpect(result).equal(link);",
              "err": {},
              "uuid": "6b6f4760-05aa-47bf-9011-27280488988a",
              "parentUUID": "528ef946-e5f7-4bad-ad09-d915183cba50",
              "isHook": false,
              "skipped": false
            },
            {
              "title": "Mostrar vidas restantes",
              "fullTitle": "Ahorcado Mostrar vidas restantes",
              "timedOut": false,
              "duration": 0,
              "state": "passed",
              "speed": "fast",
              "pass": true,
              "fail": false,
              "pending": false,
              "context": null,
              "code": "const result = game.getScore();\nexpect(result).to.have.property(\"lifes\");",
              "err": {},
              "uuid": "304e799b-3a96-4994-9d86-c78a883760da",
              "parentUUID": "528ef946-e5f7-4bad-ad09-d915183cba50",
              "isHook": false,
              "skipped": false
            }
          ],
          "suites": [],
          "passes": [
            "5693ea70-aa0f-4d6d-b355-93c94eb357f4",
            "b3cc08d1-3a98-4a8c-9406-904434110d18",
            "3c12c141-9b87-4f91-9bea-8b2b878c9f1b",
            "7fe41468-9988-4f20-bf6c-1e548ec2968e",
            "ceeffdd8-cc9f-4832-9c96-2c3022a30831",
            "b3b15ccd-aac7-48df-8578-d60e927d2552",
            "7d7f49e9-45d1-48ee-9583-c04fb2e4109a",
            "cfa54da4-3976-4d3b-8f1e-f419cbb53049",
            "45d9b919-66a6-4efd-9499-dc3bdbc29969",
            "4c4be8dd-b204-4a86-8177-84a194d3b3e2",
            "08630f6b-cf27-45c7-98af-a6587e478ab9",
            "f38a0f1b-f6a2-448f-9f4e-c065da41da13",
            "d5406895-a2af-4982-87f0-f937e5c1c9f1",
            "507d8276-e48e-475c-a911-0e1815fc9f80",
            "99c0d7c8-ed50-4b33-baa5-e0d0ad1b29fe",
            "568253fe-9e93-4777-b611-e49b53e995c9",
            "0706fb89-7314-4564-a1b9-f1d25bc1189a",
            "ae45fc76-b5da-4b69-8c47-558456466d2f",
            "0def25b4-0e59-4e17-a3fe-dcb4a65ad5e5",
            "9e0181fa-bfd8-471d-9862-77c2b52441a7",
            "8a6e9802-3516-49ae-85a9-36c58eea4203",
            "b24dd03c-aa56-43f1-8393-4b519d9edcdc",
            "c0e0ef22-3e69-4d77-bde5-0d8d03bc8b16",
            "533b380c-dd3c-44e1-b09b-41b56d22ed41",
            "b27319fb-bb37-4628-afc7-f87883e14bdf",
            "43c23029-3fc1-4697-b82c-ba11efa6700f",
            "6b6f4760-05aa-47bf-9011-27280488988a",
            "304e799b-3a96-4994-9d86-c78a883760da"
          ],
          "failures": [],
          "pending": [],
          "skipped": [],
          "duration": 3,
          "root": false,
          "rootEmpty": false,
          "_timeout": 2000
        }
      ],
      "passes": [],
      "failures": [],
      "pending": [],
      "skipped": [],
      "duration": 0,
      "root": true,
      "rootEmpty": true,
      "_timeout": 2000
    }
  ],
  "meta": {
    "mocha": {
      "version": "6.1.4"
    },
    "mochawesome": {
      "options": {
        "quiet": false,
        "reportFilename": "mochawesome",
        "saveHtml": true,
        "saveJson": true,
        "useInlineDiffs": false
      },
      "version": "4.0.1"
    },
    "marge": {
      "options": {
        "overwrite": "true"
      },
      "version": "4.0.0"
    }
  }
}